Determining if the pthread_create exist failed with the following output:
Change Dir: /home/alexander/SimSpark/rcssserver3d/build/CMakeFiles/CMakeTmp

Run Build Command:"/usr/bin/make" "cmTC_e4768/fast"
/usr/bin/make -f CMakeFiles/cmTC_e4768.dir/build.make CMakeFiles/cmTC_e4768.dir/build
make[1]: se entra en el directorio '/home/alexander/SimSpark/rcssserver3d/build/CMakeFiles/CMakeTmp'
Building C object CMakeFiles/cmTC_e4768.dir/CheckSymbolExists.c.o
/usr/bin/cc     -o CMakeFiles/cmTC_e4768.dir/CheckSymbolExists.c.o   -c /home/alexander/SimSpark/rcssserver3d/build/CMakeFiles/CMakeTmp/CheckSymbolExists.c
Linking C executable cmTC_e4768
/usr/bin/cmake -E cmake_link_script CMakeFiles/cmTC_e4768.dir/link.txt --verbose=1
/usr/bin/cc       CMakeFiles/cmTC_e4768.dir/CheckSymbolExists.c.o  -o cmTC_e4768 -rdynamic 
CMakeFiles/cmTC_e4768.dir/CheckSymbolExists.c.o: En la función `main':
CheckSymbolExists.c:(.text+0x16): referencia a `pthread_create' sin definir
collect2: error: ld returned 1 exit status
CMakeFiles/cmTC_e4768.dir/build.make:97: fallo en las instrucciones para el objetivo 'cmTC_e4768'
make[1]: *** [cmTC_e4768] Error 1
make[1]: se sale del directorio '/home/alexander/SimSpark/rcssserver3d/build/CMakeFiles/CMakeTmp'
Makefile:126: fallo en las instrucciones para el objetivo 'cmTC_e4768/fast'
make: *** [cmTC_e4768/fast] Error 2

File /home/alexander/SimSpark/rcssserver3d/build/CMakeFiles/CMakeTmp/CheckSymbolExists.c:
/* */
#include <pthread.h>

int main(int argc, char** argv)
{
  (void)argv;
#ifndef pthread_create
  return ((int*)(&pthread_create))[argc];
#else
  (void)argc;
  return 0;
#endif
}

Determining if the function pthread_create exists in the pthreads failed with the following output:
Change Dir: /home/alexander/SimSpark/rcssserver3d/build/CMakeFiles/CMakeTmp

Run Build Command:"/usr/bin/make" "cmTC_7ef0b/fast"
/usr/bin/make -f CMakeFiles/cmTC_7ef0b.dir/build.make CMakeFiles/cmTC_7ef0b.dir/build
make[1]: se entra en el directorio '/home/alexander/SimSpark/rcssserver3d/build/CMakeFiles/CMakeTmp'
Building C object CMakeFiles/cmTC_7ef0b.dir/CheckFunctionExists.c.o
/usr/bin/cc    -DCHECK_FUNCTION_EXISTS=pthread_create   -o CMakeFiles/cmTC_7ef0b.dir/CheckFunctionExists.c.o   -c /usr/share/cmake-3.5/Modules/CheckFunctionExists.c
Linking C executable cmTC_7ef0b
/usr/bin/cmake -E cmake_link_script CMakeFiles/cmTC_7ef0b.dir/link.txt --verbose=1
/usr/bin/cc   -DCHECK_FUNCTION_EXISTS=pthread_create    CMakeFiles/cmTC_7ef0b.dir/CheckFunctionExists.c.o  -o cmTC_7ef0b -rdynamic -lpthreads 
/usr/bin/ld: no se puede encontrar -lpthreads
collect2: error: ld returned 1 exit status
CMakeFiles/cmTC_7ef0b.dir/build.make:97: fallo en las instrucciones para el objetivo 'cmTC_7ef0b'
make[1]: *** [cmTC_7ef0b] Error 1
make[1]: se sale del directorio '/home/alexander/SimSpark/rcssserver3d/build/CMakeFiles/CMakeTmp'
Makefile:126: fallo en las instrucciones para el objetivo 'cmTC_7ef0b/fast'
make: *** [cmTC_7ef0b/fast] Error 2


Determining if the Q_WS_WIN exist failed with the following output:
Change Dir: /home/alexander/SimSpark/rcssserver3d/build/CMakeFiles/CMakeTmp

Run Build Command:"/usr/bin/make" "cmTC_f4979/fast"
/usr/bin/make -f CMakeFiles/cmTC_f4979.dir/build.make CMakeFiles/cmTC_f4979.dir/build
make[1]: se entra en el directorio '/home/alexander/SimSpark/rcssserver3d/build/CMakeFiles/CMakeTmp'
Building CXX object CMakeFiles/cmTC_f4979.dir/CheckSymbolExists.cxx.o
/usr/bin/c++    -I/usr/include/qt4   -o CMakeFiles/cmTC_f4979.dir/CheckSymbolExists.cxx.o -c /home/alexander/SimSpark/rcssserver3d/build/CMakeFiles/CMakeTmp/CheckSymbolExists.cxx
/home/alexander/SimSpark/rcssserver3d/build/CMakeFiles/CMakeTmp/CheckSymbolExists.cxx: In function ‘int main(int, char**)’:
/home/alexander/SimSpark/rcssserver3d/build/CMakeFiles/CMakeTmp/CheckSymbolExists.cxx:8:19: error: ‘Q_WS_WIN’ was not declared in this scope
   return ((int*)(&Q_WS_WIN))[argc];
                   ^
CMakeFiles/cmTC_f4979.dir/build.make:65: fallo en las instrucciones para el objetivo 'CMakeFiles/cmTC_f4979.dir/CheckSymbolExists.cxx.o'
make[1]: *** [CMakeFiles/cmTC_f4979.dir/CheckSymbolExists.cxx.o] Error 1
make[1]: se sale del directorio '/home/alexander/SimSpark/rcssserver3d/build/CMakeFiles/CMakeTmp'
Makefile:126: fallo en las instrucciones para el objetivo 'cmTC_f4979/fast'
make: *** [cmTC_f4979/fast] Error 2

File /home/alexander/SimSpark/rcssserver3d/build/CMakeFiles/CMakeTmp/CheckSymbolExists.cxx:
/* */
#include <QtCore/qglobal.h>

int main(int argc, char** argv)
{
  (void)argv;
#ifndef Q_WS_WIN
  return ((int*)(&Q_WS_WIN))[argc];
#else
  (void)argc;
  return 0;
#endif
}

Determining if the Q_WS_QWS exist failed with the following output:
Change Dir: /home/alexander/SimSpark/rcssserver3d/build/CMakeFiles/CMakeTmp

Run Build Command:"/usr/bin/make" "cmTC_c26c3/fast"
/usr/bin/make -f CMakeFiles/cmTC_c26c3.dir/build.make CMakeFiles/cmTC_c26c3.dir/build
make[1]: se entra en el directorio '/home/alexander/SimSpark/rcssserver3d/build/CMakeFiles/CMakeTmp'
Building CXX object CMakeFiles/cmTC_c26c3.dir/CheckSymbolExists.cxx.o
/usr/bin/c++    -I/usr/include/qt4   -o CMakeFiles/cmTC_c26c3.dir/CheckSymbolExists.cxx.o -c /home/alexander/SimSpark/rcssserver3d/build/CMakeFiles/CMakeTmp/CheckSymbolExists.cxx
/home/alexander/SimSpark/rcssserver3d/build/CMakeFiles/CMakeTmp/CheckSymbolExists.cxx: In function ‘int main(int, char**)’:
/home/alexander/SimSpark/rcssserver3d/build/CMakeFiles/CMakeTmp/CheckSymbolExists.cxx:8:19: error: ‘Q_WS_QWS’ was not declared in this scope
   return ((int*)(&Q_WS_QWS))[argc];
                   ^
CMakeFiles/cmTC_c26c3.dir/build.make:65: fallo en las instrucciones para el objetivo 'CMakeFiles/cmTC_c26c3.dir/CheckSymbolExists.cxx.o'
make[1]: *** [CMakeFiles/cmTC_c26c3.dir/CheckSymbolExists.cxx.o] Error 1
make[1]: se sale del directorio '/home/alexander/SimSpark/rcssserver3d/build/CMakeFiles/CMakeTmp'
Makefile:126: fallo en las instrucciones para el objetivo 'cmTC_c26c3/fast'
make: *** [cmTC_c26c3/fast] Error 2

File /home/alexander/SimSpark/rcssserver3d/build/CMakeFiles/CMakeTmp/CheckSymbolExists.cxx:
/* */
#include <QtCore/qglobal.h>

int main(int argc, char** argv)
{
  (void)argv;
#ifndef Q_WS_QWS
  return ((int*)(&Q_WS_QWS))[argc];
#else
  (void)argc;
  return 0;
#endif
}

Determining if the Q_WS_MAC exist failed with the following output:
Change Dir: /home/alexander/SimSpark/rcssserver3d/build/CMakeFiles/CMakeTmp

Run Build Command:"/usr/bin/make" "cmTC_1cf6c/fast"
/usr/bin/make -f CMakeFiles/cmTC_1cf6c.dir/build.make CMakeFiles/cmTC_1cf6c.dir/build
make[1]: se entra en el directorio '/home/alexander/SimSpark/rcssserver3d/build/CMakeFiles/CMakeTmp'
Building CXX object CMakeFiles/cmTC_1cf6c.dir/CheckSymbolExists.cxx.o
/usr/bin/c++    -I/usr/include/qt4   -o CMakeFiles/cmTC_1cf6c.dir/CheckSymbolExists.cxx.o -c /home/alexander/SimSpark/rcssserver3d/build/CMakeFiles/CMakeTmp/CheckSymbolExists.cxx
/home/alexander/SimSpark/rcssserver3d/build/CMakeFiles/CMakeTmp/CheckSymbolExists.cxx: In function ‘int main(int, char**)’:
/home/alexander/SimSpark/rcssserver3d/build/CMakeFiles/CMakeTmp/CheckSymbolExists.cxx:8:19: error: ‘Q_WS_MAC’ was not declared in this scope
   return ((int*)(&Q_WS_MAC))[argc];
                   ^
CMakeFiles/cmTC_1cf6c.dir/build.make:65: fallo en las instrucciones para el objetivo 'CMakeFiles/cmTC_1cf6c.dir/CheckSymbolExists.cxx.o'
make[1]: *** [CMakeFiles/cmTC_1cf6c.dir/CheckSymbolExists.cxx.o] Error 1
make[1]: se sale del directorio '/home/alexander/SimSpark/rcssserver3d/build/CMakeFiles/CMakeTmp'
Makefile:126: fallo en las instrucciones para el objetivo 'cmTC_1cf6c/fast'
make: *** [cmTC_1cf6c/fast] Error 2

File /home/alexander/SimSpark/rcssserver3d/build/CMakeFiles/CMakeTmp/CheckSymbolExists.cxx:
/* */
#include <QtCore/qglobal.h>

int main(int argc, char** argv)
{
  (void)argv;
#ifndef Q_WS_MAC
  return ((int*)(&Q_WS_MAC))[argc];
#else
  (void)argc;
  return 0;
#endif
}

